0.000 [ Info   ][Logger] No ORO_LOGLEVEL environment variable set.
0.000 [ Info   ][Logger]  OROCOS version '2.6.0' compiled with GCC 4.6.3. Running in GNU/Linux.
0.000 [ Info   ][Logger] Orocos Logging Activated at level : [ Warning] ( 4 ) 
0.000 [ Info   ][Logger] Reference System Time is : 1358262384645459865 ticks ( 1.35826e+09 seconds ).
0.000 [ Info   ][Logger] Logging is relative to this time.
0.000 [ Info   ][Logger] No RTT_COMPONENT_PATH set. Using default: /home/josh/orocos/orocos/orocos_toolchain/rtt/../install/lib/orocos
0.000 [ Info   ][Logger] plugin 'rtt' not loaded before.
0.000 [ Info   ][Logger] Loading plugin libraries from directory /home/josh/orocos/orocos/orocos_toolchain/rtt/../install/lib/orocos/gnulinux/./plugins ...
0.000 [ Info   ][Logger] Loaded RTT Service 'scripting' from 'rtt-scripting'
0.000 [ Info   ][Logger] Loaded RTT Service 'marshalling' from 'rtt-marshalling'
0.000 [ Info   ][Logger] typekit 'rtt' not loaded before.
0.000 [ Info   ][Logger] Loading typekit libraries from directory /home/josh/orocos/orocos/orocos_toolchain/rtt/../install/lib/orocos/gnulinux/./types ...
0.010 [ Info   ][TypekitRepository::Import] Loading Typekit rtt-types.
0.010 [ Info   ][Logger] Loaded RTT TypeKit/Transport 'rtt-types' from 'rtt-typekit'
0.011 [ Info   ][TypekitRepository::Import] Loading Transport mqueue://rtt-types.
0.011 [ Info   ][TypekitRepository::Import] Registered new 'mqueue' transport for array
0.011 [ Info   ][TypekitRepository::Import] Registered new 'mqueue' transport for bool
0.012 [ Info   ][TypekitRepository::Import] Registered new 'mqueue' transport for char
0.012 [ Info   ][TypekitRepository::Import] Registered new 'mqueue' transport for double
0.012 [ Info   ][TypekitRepository::Import] Registered new 'mqueue' transport for float
0.012 [ Info   ][TypekitRepository::Import] Registered new 'mqueue' transport for int
0.012 [ Info   ][TypekitRepository::Import] Registered new 'mqueue' transport for uint
0.012 [ Info   ][Logger] Loaded RTT TypeKit/Transport 'rtt-mqueue-transport' from 'rtt-transport-mqueue'
0.021 [ Info   ][TypekitRepository::Import] Loading Transport CORBA://rtt-types.
0.021 [ Info   ][TypekitRepository::Import] Registered new 'CORBA' transport for ConnPolicy
0.021 [ Info   ][TypekitRepository::Import] Registered new 'CORBA' transport for TaskContext
0.021 [ Info   ][TypekitRepository::Import] Registered new 'CORBA' transport for array
0.021 [ Info   ][TypekitRepository::Import] Registered new 'CORBA' transport for bool
0.021 [ Info   ][TypekitRepository::Import] Registered new 'CORBA' transport for char
0.021 [ Info   ][TypekitRepository::Import] Registered new 'CORBA' transport for double
0.021 [ Info   ][TypekitRepository::Import] Registered new 'CORBA' transport for float
0.021 [ Info   ][TypekitRepository::Import] Registered new 'CORBA' transport for int
0.021 [ Info   ][TypekitRepository::Import] Registered new 'CORBA' transport for string
0.021 [ Info   ][TypekitRepository::Import] Registered new 'CORBA' transport for uint
0.021 [ Info   ][TypekitRepository::Import] Registered new 'CORBA' transport for void
0.021 [ Info   ][Logger] Loaded RTT TypeKit/Transport 'rtt-corba-types' from 'rtt-transport-corba'
0.021 [ Info   ][Logger] No RTT_COMPONENT_PATH set. Using default: /home/josh/orocos/orocos/orocos_toolchain/rtt/../install/lib/orocos
0.021 [ Info   ][Logger] OCL factory set for real-time logging
0.021 [ Info   ][Thread] Creating Thread for scheduler=ORO_SCHED_OTHER, priority=1, CPU affinity=0, with name='Deployer'
0.021 [ Info   ][Deployer] Thread created with scheduler type 'ORO_SCHED_OTHER', priority 0, cpu affinity 255 and period 0 (PID= 26281 ).
0.022 [ Info   ][Thread] Creating Thread for scheduler=ORO_SCHED_OTHER, priority=1, CPU affinity=0, with name='GlobalEngine'
0.022 [ Info   ][GlobalEngine] Thread created with scheduler type 'ORO_SCHED_OTHER', priority 0, cpu affinity 255 and period 0 (PID= 26282 ).
0.022 [ Info   ][Logger] No site file was found. Importing 'ocl' by default.
0.025 [ Info   ][DeploymentComponent::import] Importing directory /home/josh/orocos/orocos/orocos_toolchain/rtt/../install/lib/orocos/gnulinux/ocl ...
0.037 [ Info   ][DeploymentComponent::import] Loaded multi component library '/home/josh/orocos/orocos/orocos_toolchain/rtt/../install/lib/orocos/gnulinux/ocl/liborocos-ocl-reporting-netcdf-gnulinux.so'
0.037 [ Info   ][DeploymentComponent::import] Loaded component type 'OCL::NetcdfReporting'
0.038 [ Info   ][DeploymentComponent::import] Loaded multi component library '/home/josh/orocos/orocos/orocos_toolchain/rtt/../install/lib/orocos/gnulinux/ocl/liborocos-ocl-common-gnulinux.so'
0.039 [ Info   ][DeploymentComponent::import] Loaded component type 'OCL::HelloWorld'
0.040 [ Info   ][DeploymentComponent::import] Loaded component type 'OCL::LuaTLSFComponent'
0.041 [ Info   ][DeploymentComponent::import] Loaded multi component library '/home/josh/orocos/orocos/orocos_toolchain/rtt/../install/lib/orocos/gnulinux/ocl/liborocos-ocl-timer-gnulinux.so'
0.041 [ Info   ][DeploymentComponent::import] Loaded component type 'OCL::LuaComponent'
0.041 [ Info   ][DeploymentComponent::import] Loaded multi component library '/home/josh/orocos/orocos/orocos_toolchain/rtt/../install/lib/orocos/gnulinux/ocl/liborocos-ocl-reporting-gnulinux.so'
0.042 [ Info   ][DeploymentComponent::import] Loaded multi component library '/home/josh/orocos/orocos/orocos_toolchain/rtt/../install/lib/orocos/gnulinux/ocl/liborocos-ocl-logging-gnulinux.so'
0.045 [ Info   ][DeploymentComponent::import] Loaded component type 'OCL::logging::Log4cxxAppender'
0.045 [ Info   ][DeploymentComponent::import] Loading typekit libraries from directory /home/josh/orocos/orocos/orocos_toolchain/rtt/../install/lib/orocos/gnulinux/ocl/types ...
0.048 [ Info   ][TypekitRepository::Import] Loading Typekit OCLTypekit.
0.048 [ Info   ][DeploymentComponent::import] Loaded RTT TypeKit/Transport 'OCLTypekit' from 'ocl'
0.048 [ Info   ][DeploymentComponent::import] Loading plugin libraries from directory /home/josh/orocos/orocos/orocos_toolchain/rtt/../install/lib/orocos/gnulinux/ocl/plugins ...
0.049 [ Info   ][DeploymentComponent::import] Loaded RTT Service 'os' from 'os'
0.049 [ Info   ][DeploymentComponent::import] Loaded RTT Service 'print' from 'print'
0.050 [ Info   ][DeploymentComponent::import] Loaded RTT Service 'Lua' from 'rttlua-plugin'
0.050 [ Info   ][DeploymentComponent::import] Loaded RTT Service 'LuaTLSF' from 'rttlua-tlsf-plugin'
0.050 [ Info   ][Logger] Loading Service or Plugin scripting in TaskContext Deployer
0.051 [ Info   ][Logger] Found complete interface of requested service 'scripting'
0.051 [ Info   ][Logger] Running Script test.ops ...
0.055 [ Info   ][DeploymentComponent::import] Importing directory /home/josh/orocos/orocos/rtt_ros_integration/rtt_rospack/lib/orocos/gnulinux ...
0.055 [ Info   ][DeploymentComponent::import] Loading plugin libraries from directory /home/josh/orocos/orocos/rtt_ros_integration/rtt_rospack/lib/orocos/gnulinux/plugins ...
0.055 [ Info   ][DeploymentComponent::import] Loaded RTT Plugin 'rospack' from 'rtt_rospack'
0.057 [ Info   ][DeploymentComponent::import] Importing directory /home/josh/orocos/orocos/rtt_ros_integration/rtt_rosnode/lib/orocos/gnulinux ...
0.057 [ Info   ][DeploymentComponent::import] Loading typekit libraries from directory /home/josh/orocos/orocos/rtt_ros_integration/rtt_rosnode/lib/orocos/gnulinux/types ...
0.081 [ Info   ][TypekitRepository::Import] Loading Typekit ros-primitives.
0.082 [ Info   ][DeploymentComponent::import] Loaded RTT TypeKit/Transport 'ros-primitives' from 'rtt-ros-primitives-typekit'
0.082 [ Info   ][DeploymentComponent::import] Loading plugin libraries from directory /home/josh/orocos/orocos/rtt_ros_integration/rtt_rosnode/lib/orocos/gnulinux/plugins ...
0.088 [ Info   ][DeploymentComponent::import] Initializing ROS node
0.095 [ Info   ][DeploymentComponent::import] ROS node spinner started
0.096 [ Info   ][DeploymentComponent::import] Loaded RTT Plugin 'ros_integration' from 'rtt_rosnode'
0.098 [ Info   ][DeploymentComponent::import] Loaded RTT Service 'rosparam' from 'rtt_rosparam_service'
0.101 [ Info   ][DeploymentComponent::import] Importing directory /home/josh/orocos/orocos/rtt_ros_comm/rtt_std_msgs/lib/orocos/gnulinux ...
0.101 [ Info   ][DeploymentComponent::import] Loading typekit libraries from directory /home/josh/orocos/orocos/rtt_ros_comm/rtt_std_msgs/lib/orocos/gnulinux/types ...
0.120 [ Info   ][TypekitRepository::Import] Loading Transport ros://ros-std_msgs.
0.120 [ Info   ][DeploymentComponent::import] Loaded RTT TypeKit/Transport 'rtt-ros-std_msgs-transport' from 'rtt-std_msgs-ros-transport'
0.190 [ Info   ][TypekitRepository::Import] Loading Typekit ros-std_msgs.
0.190 [ Info   ][TypekitRepository::Import] Registered new 'ros' transport for /std_msgs/Bool
0.190 [ Info   ][TypekitRepository::Import] Registered new 'ros' transport for /std_msgs/Int8MultiArray
0.190 [ Info   ][TypekitRepository::Import] Registered new 'ros' transport for /std_msgs/Empty
0.190 [ Info   ][TypekitRepository::Import] Registered new 'ros' transport for /std_msgs/Float64
0.190 [ Info   ][TypekitRepository::Import] Registered new 'ros' transport for /std_msgs/UInt32
0.190 [ Info   ][TypekitRepository::Import] Registered new 'ros' transport for /std_msgs/UInt64
0.190 [ Info   ][TypekitRepository::Import] Registered new 'ros' transport for /std_msgs/MultiArrayLayout
0.190 [ Info   ][TypekitRepository::Import] Registered new 'ros' transport for /std_msgs/Header
0.190 [ Info   ][TypekitRepository::Import] Registered new 'ros' transport for /std_msgs/Duration
0.190 [ Info   ][TypekitRepository::Import] Registered new 'ros' transport for /std_msgs/Int32MultiArray
0.190 [ Info   ][TypekitRepository::Import] Registered new 'ros' transport for /std_msgs/Time
0.190 [ Info   ][TypekitRepository::Import] Registered new 'ros' transport for /std_msgs/UInt64MultiArray
0.190 [ Info   ][TypekitRepository::Import] Registered new 'ros' transport for /std_msgs/Int8
0.190 [ Info   ][TypekitRepository::Import] Registered new 'ros' transport for /std_msgs/Float64MultiArray
0.191 [ Info   ][TypekitRepository::Import] Registered new 'ros' transport for /std_msgs/Int64
0.191 [ Info   ][TypekitRepository::Import] Registered new 'ros' transport for /std_msgs/UInt16
0.191 [ Info   ][TypekitRepository::Import] Registered new 'ros' transport for /std_msgs/ColorRGBA
0.191 [ Info   ][TypekitRepository::Import] Registered new 'ros' transport for /std_msgs/Int16MultiArray
0.191 [ Info   ][TypekitRepository::Import] Registered new 'ros' transport for /std_msgs/UInt8MultiArray
0.191 [ Info   ][TypekitRepository::Import] Registered new 'ros' transport for /std_msgs/Int32
0.191 [ Info   ][TypekitRepository::Import] Registered new 'ros' transport for /std_msgs/UInt8
0.191 [ Info   ][TypekitRepository::Import] Registered new 'ros' transport for /std_msgs/ByteMultiArray
0.191 [ Info   ][TypekitRepository::Import] Registered new 'ros' transport for /std_msgs/UInt32MultiArray
0.191 [ Info   ][TypekitRepository::Import] Registered new 'ros' transport for /std_msgs/Char
0.191 [ Info   ][TypekitRepository::Import] Registered new 'ros' transport for /std_msgs/Int64MultiArray
0.191 [ Info   ][TypekitRepository::Import] Registered new 'ros' transport for /std_msgs/MultiArrayDimension
0.191 [ Info   ][TypekitRepository::Import] Registered new 'ros' transport for /std_msgs/Float32
0.191 [ Info   ][TypekitRepository::Import] Registered new 'ros' transport for /std_msgs/Byte
0.191 [ Info   ][TypekitRepository::Import] Registered new 'ros' transport for /std_msgs/Int16
0.191 [ Info   ][TypekitRepository::Import] Registered new 'ros' transport for /std_msgs/UInt16MultiArray
0.191 [ Info   ][TypekitRepository::Import] Registered new 'ros' transport for /std_msgs/String
0.191 [ Info   ][TypekitRepository::Import] Registered new 'ros' transport for /std_msgs/Float32MultiArray
0.191 [ Info   ][DeploymentComponent::import] Loaded RTT TypeKit/Transport 'ros-std_msgs' from 'rtt-std_msgs-typekit'
0.192 [ Info   ][DeploymentComponent::import] Importing directory /home/josh/orocos/orocos/rtt_ros_comm/rtt_rosgraph_msgs/lib/orocos/gnulinux ...
0.192 [ Info   ][DeploymentComponent::import] Loading typekit libraries from directory /home/josh/orocos/orocos/rtt_ros_comm/rtt_rosgraph_msgs/lib/orocos/gnulinux/types ...
0.197 [ Info   ][TypekitRepository::Import] Loading Typekit ros-rosgraph_msgs.
0.197 [ Info   ][DeploymentComponent::import] Loaded RTT TypeKit/Transport 'ros-rosgraph_msgs' from 'rtt-rosgraph_msgs-typekit'
0.198 [ Info   ][TypekitRepository::Import] Loading Transport ros://ros-rosgraph_msgs.
0.198 [ Info   ][TypekitRepository::Import] Registered new 'ros' transport for /rosgraph_msgs/Clock
0.198 [ Info   ][TypekitRepository::Import] Registered new 'ros' transport for /rosgraph_msgs/Log
0.198 [ Info   ][DeploymentComponent::import] Loaded RTT TypeKit/Transport 'rtt-ros-rosgraph_msgs-transport' from 'rtt-rosgraph_msgs-ros-transport'
0.199 [ Info   ][DeploymentComponent::import] Importing directory /home/josh/orocos/orocos/rtt_common_msgs/rtt_geometry_msgs/lib/orocos/gnulinux ...
0.199 [ Info   ][DeploymentComponent::import] Loading typekit libraries from directory /home/josh/orocos/orocos/rtt_common_msgs/rtt_geometry_msgs/lib/orocos/gnulinux/types ...
0.206 [ Info   ][TypekitRepository::Import] Loading Transport ros://ros-geometry_msgs.
0.206 [ Info   ][DeploymentComponent::import] Loaded RTT TypeKit/Transport 'rtt-ros-geometry_msgs-transport' from 'rtt-geometry_msgs-ros-transport'
0.258 [ Info   ][TypekitRepository::Import] Loading Typekit ros-geometry_msgs.
0.258 [ Info   ][TypekitRepository::Import] Registered new 'ros' transport for /geometry_msgs/Transform
0.258 [ Info   ][TypekitRepository::Import] Registered new 'ros' transport for /geometry_msgs/QuaternionStamped
0.258 [ Info   ][TypekitRepository::Import] Registered new 'ros' transport for /geometry_msgs/Twist
0.258 [ Info   ][TypekitRepository::Import] Registered new 'ros' transport for /geometry_msgs/PoseWithCovariance
0.258 [ Info   ][TypekitRepository::Import] Registered new 'ros' transport for /geometry_msgs/Vector3
0.258 [ Info   ][TypekitRepository::Import] Registered new 'ros' transport for /geometry_msgs/Polygon
0.258 [ Info   ][TypekitRepository::Import] Registered new 'ros' transport for /geometry_msgs/Quaternion
0.258 [ Info   ][TypekitRepository::Import] Registered new 'ros' transport for /geometry_msgs/Vector3Stamped
0.258 [ Info   ][TypekitRepository::Import] Registered new 'ros' transport for /geometry_msgs/Wrench
0.258 [ Info   ][TypekitRepository::Import] Registered new 'ros' transport for /geometry_msgs/PoseArray
0.258 [ Info   ][TypekitRepository::Import] Registered new 'ros' transport for /geometry_msgs/WrenchStamped
0.258 [ Info   ][TypekitRepository::Import] Registered new 'ros' transport for /geometry_msgs/PoseStamped
0.259 [ Info   ][TypekitRepository::Import] Registered new 'ros' transport for /geometry_msgs/PoseWithCovarianceStamped
0.259 [ Info   ][TypekitRepository::Import] Registered new 'ros' transport for /geometry_msgs/Point
0.259 [ Info   ][TypekitRepository::Import] Registered new 'ros' transport for /geometry_msgs/Pose
0.259 [ Info   ][TypekitRepository::Import] Registered new 'ros' transport for /geometry_msgs/TwistStamped
0.259 [ Info   ][TypekitRepository::Import] Registered new 'ros' transport for /geometry_msgs/Pose2D
0.259 [ Info   ][TypekitRepository::Import] Registered new 'ros' transport for /geometry_msgs/PointStamped
0.259 [ Info   ][TypekitRepository::Import] Registered new 'ros' transport for /geometry_msgs/PolygonStamped
0.259 [ Info   ][TypekitRepository::Import] Registered new 'ros' transport for /geometry_msgs/TransformStamped
0.259 [ Info   ][TypekitRepository::Import] Registered new 'ros' transport for /geometry_msgs/Point32
0.259 [ Info   ][TypekitRepository::Import] Registered new 'ros' transport for /geometry_msgs/TwistWithCovariance
0.259 [ Info   ][TypekitRepository::Import] Registered new 'ros' transport for /geometry_msgs/TwistWithCovarianceStamped
0.259 [ Info   ][DeploymentComponent::import] Loaded RTT TypeKit/Transport 'ros-geometry_msgs' from 'rtt-geometry_msgs-typekit'
0.260 [ Info   ][DeploymentComponent::import] Importing directory /home/josh/orocos/orocos/rtt_common_msgs/rtt_sensor_msgs/lib/orocos/gnulinux ...
0.260 [ Info   ][DeploymentComponent::import] Loading typekit libraries from directory /home/josh/orocos/orocos/rtt_common_msgs/rtt_sensor_msgs/lib/orocos/gnulinux/types ...
0.302 [ Info   ][TypekitRepository::Import] Loading Typekit ros-sensor_msgs.
0.303 [ Info   ][DeploymentComponent::import] Loaded RTT TypeKit/Transport 'ros-sensor_msgs' from 'rtt-sensor_msgs-typekit'
0.309 [ Info   ][TypekitRepository::Import] Loading Transport ros://ros-sensor_msgs.
0.309 [ Info   ][TypekitRepository::Import] Registered new 'ros' transport for /sensor_msgs/CameraInfo
0.309 [ Info   ][TypekitRepository::Import] Registered new 'ros' transport for /sensor_msgs/ChannelFloat32
0.309 [ Info   ][TypekitRepository::Import] Registered new 'ros' transport for /sensor_msgs/CompressedImage
0.309 [ Info   ][TypekitRepository::Import] Registered new 'ros' transport for /sensor_msgs/Image
0.309 [ Info   ][TypekitRepository::Import] Registered new 'ros' transport for /sensor_msgs/Imu
0.309 [ Info   ][TypekitRepository::Import] Registered new 'ros' transport for /sensor_msgs/JointState
0.309 [ Info   ][TypekitRepository::Import] Registered new 'ros' transport for /sensor_msgs/Joy
0.309 [ Info   ][TypekitRepository::Import] Registered new 'ros' transport for /sensor_msgs/JoyFeedback
0.309 [ Info   ][TypekitRepository::Import] Registered new 'ros' transport for /sensor_msgs/JoyFeedbackArray
0.309 [ Info   ][TypekitRepository::Import] Registered new 'ros' transport for /sensor_msgs/LaserScan
0.309 [ Info   ][TypekitRepository::Import] Registered new 'ros' transport for /sensor_msgs/NavSatFix
0.309 [ Info   ][TypekitRepository::Import] Registered new 'ros' transport for /sensor_msgs/NavSatStatus
0.309 [ Info   ][TypekitRepository::Import] Registered new 'ros' transport for /sensor_msgs/PointCloud
0.309 [ Info   ][TypekitRepository::Import] Registered new 'ros' transport for /sensor_msgs/PointCloud2
0.309 [ Info   ][TypekitRepository::Import] Registered new 'ros' transport for /sensor_msgs/PointField
0.309 [ Info   ][TypekitRepository::Import] Registered new 'ros' transport for /sensor_msgs/Range
0.309 [ Info   ][TypekitRepository::Import] Registered new 'ros' transport for /sensor_msgs/RegionOfInterest
0.309 [ Info   ][TypekitRepository::Import] Registered new 'ros' transport for /sensor_msgs/TimeReference
0.310 [ Info   ][DeploymentComponent::import] Loaded RTT TypeKit/Transport 'rtt-ros-sensor_msgs-transport' from 'rtt-sensor_msgs-ros-transport'
0.310 [ Info   ][DeploymentComponent::import] Importing directory /home/josh/motion_control/motion_control/rtt_motion_control_msgs/lib/orocos/gnulinux ...
0.310 [ Info   ][DeploymentComponent::import] Loading typekit libraries from directory /home/josh/motion_control/motion_control/rtt_motion_control_msgs/lib/orocos/gnulinux/types ...
0.321 [ Info   ][TypekitRepository::Import] Loading Typekit ros-motion_control_msgs.
0.321 [ Info   ][DeploymentComponent::import] Loaded RTT TypeKit/Transport 'ros-motion_control_msgs' from 'rtt-motion_control_msgs-typekit'
0.323 [ Info   ][TypekitRepository::Import] Loading Transport ros://ros-motion_control_msgs.
0.323 [ Info   ][TypekitRepository::Import] Registered new 'ros' transport for /motion_control_msgs/JointAccelerations
0.323 [ Info   ][TypekitRepository::Import] Registered new 'ros' transport for /motion_control_msgs/JointEfforts
0.323 [ Info   ][TypekitRepository::Import] Registered new 'ros' transport for /motion_control_msgs/JointPositions
0.323 [ Info   ][TypekitRepository::Import] Registered new 'ros' transport for /motion_control_msgs/JointVelocities
0.323 [ Info   ][DeploymentComponent::import] Loaded RTT TypeKit/Transport 'rtt-ros-motion_control_msgs-transport' from 'rtt-motion_control_msgs-ros-transport'
0.324 [ Info   ][DeploymentComponent::import] Importing directory /home/josh/orocos/orocos/wbc_lwr/lib/orocos/gnulinux ...
0.324 [ Info   ][DeploymentComponent::import] Loaded component type 'wbc_lwr'
0.325 [ Info   ][Thread] Creating Thread for scheduler=ORO_SCHED_OTHER, priority=1, CPU affinity=0, with name='test'
0.325 [ Info   ][test] Thread created with scheduler type 'ORO_SCHED_OTHER', priority 0, cpu affinity 255 and period 0 (PID= 26294 ).
0.325 [ Info   ][DeploymentComponent::loadComponent] Adding test as new peer:  OK.
0.326 [ Info   ][Thread] Creating Thread for scheduler=ORO_SCHED_RT, priority=99, CPU affinity=4294967295, with name='test'
0.326 [ Warning][Thread] Lowering scheduler type to SCHED_OTHER for non-privileged users..
0.326 [ Warning][Thread] Forcing priority (99) of thread with SCHED_OTHER policy to 0.
0.326 [ Warning][test] Lowering scheduler type to SCHED_OTHER for non-privileged users..
0.326 [ Info   ][test] Thread created with scheduler type 'ORO_SCHED_OTHER', priority 0, cpu affinity 255 and period 0.001 (PID= 26295 ).
0.326 [ Info   ][Thread] Creating Thread for scheduler=ORO_SCHED_OTHER, priority=1, CPU affinity=0, with name='TaskBrowser'
0.326 [ Info   ][TaskBrowser] Thread created with scheduler type 'ORO_SCHED_OTHER', priority 0, cpu affinity 255 and period 0 (PID= 26296 ).
0.327 [ Info   ][Logger] Entering Task Deployer
5.088 [ Info   ][Logger] Ignoring deployment shutdown function due to missing peer.
5.088 [ Info   ][DeploymentComponent::stopComponentsGroup] Stopping group 0
5.088 [ Info   ][DeploymentComponent::stopComponentsGroup] Stopped test
5.088 [ Info   ][DeploymentComponent::cleanupComponentsGroup] Cleaning up group 0
5.088 [ Info   ][DeploymentComponent::cleanupComponentsGroup] Cleaned up test
5.088 [ Info   ][Logger] Unloading group 0
5.090 [ Info   ][Logger] Disconnected and destroyed test
5.090 [ Info   ][Logger] Kick-out of group 0 successful.
5.090 [ Info   ][Logger] Orocos Logging Deactivated.
